<?xml version="1.0" encoding="UTF-8"?>
<testsuite name="ComputerRepairRequestTest" tests="2" skipped="0" failures="0" errors="0" timestamp="2025-03-04T14:39:28" hostname="COSMINA" time="0.017">
  <properties/>
  <testcase name="First Test" classname="ComputerRepairRequestTest" time="0.016"/>
  <testcase name="Test Exemplu" classname="ComputerRepairRequestTest" time="0.0"/>
  <system-out><![CDATA[]]></system-out>
  <system-err><![CDATA[]]></system-err>
</testsuite>
